*** Using Compiler 'V6.21', folder: 'D:\Keil_v5\ARM\ARMCLANG\Bin'
Build target 'band1'
compiling stm32f1xx_hal_msp.c...
compiling stm32f1xx_hal_rcc_ex.c...
compiling usart.c...
compiling dma.c...
compiling gpio.c...
compiling stm32f1xx_hal_gpio_ex.c...
compiling stm32f1xx_it.c...
compiling i2c.c...
compiling stm32f1xx_hal.c...
compiling main.c...
compiling stm32f1xx_hal_gpio.c...
compiling tim.c...
compiling stm32f1xx_hal_rcc.c...
compiling stm32f1xx_hal_dma.c...
compiling stm32f1xx_hal_cortex.c...
compiling stm32f1xx_hal_pwr.c...
compiling stm32f1xx_hal_flash.c...
compiling oledfont.c...
compiling stm32f1xx_hal_flash_ex.c...
compiling system_stm32f1xx.c...
compiling stm32f1xx_hal_exti.c...
compiling delay.c...
compiling pid.c...
compiling follow.c...
compiling range.c...
compiling motor.c...
compiling encoder.c...
compiling stm32f1xx_hal_tim_ex.c...
compiling oled.c...
../Peripheral/redirect.c(8): warning: 'vsnprintf' size argument is too large; destination buffer has size 100, but size argument is 101 [-Wfortify-source]
    8 |     len=vsnprintf((char*)printf_temp,sizeof(printf_temp)+1,(char*)format,args);
      |         ^
1 warning generated.
compiling redirect.c...
compiling sg90.c...
compiling stm32f1xx_hal_uart.c...
compiling stm32f1xx_hal_i2c.c...
compiling stm32f1xx_hal_tim.c...
linking...
Program Size: Code=24510 RO-data=2466 RW-data=40 ZI-data=1808  
FromELF: creating hex file...
"band1\band1.axf" - 0 Error(s), 1 Warning(s).
Build Time Elapsed:  00:00:01
